<?xml version="1.0" encoding="UTF-8"?>
<!-- Generated by org.testng.reporters.JUnitReportReporter -->
<testsuite hostname="DESKTOP-VC14B0M" failures="0" tests="1" name="com.OrangeHRMLogin.LoginTest" time="40.407" errors="0" timestamp="14 Nov 2022 11:34:35 GMT">
  <testcase classname="com.OrangeHRMLogin.LoginTest" name="loginToApp" time="40.407"/>
</testsuite> <!-- com.OrangeHRMLogin.LoginTest -->
